<?xml version="1.0" encoding="UTF-8"?>
<!-- Generated by org.testng.reporters.JUnitReportReporter -->
<testsuite hostname="DESKTOP-BQO7I60" failures="0" tests="1" name="testngtestscripts.UbdateAddress" time="8.977" errors="0" timestamp="2024-07-25T23:46:06 GMT-11:00" skipped="0">
  <testcase classname="testngtestscripts.UbdateAddress" name="ubdateaddress" time="8.977"/>
  <system-out>
    <![CDATA[Ubdate Address]]>
  </system-out>
</testsuite> <!-- testngtestscripts.UbdateAddress -->
