<?xml version="1.0" encoding="UTF-8"?>
<!-- Generated by org.testng.reporters.JUnitReportReporter -->
<testsuite hostname="DESKTOP-BQO7I60" failures="0" tests="3" name="testngattribute.DependsOnmethods" time="0.044" errors="0" timestamp="2024-07-25T23:55:06 GMT-11:00" skipped="0">
  <testcase classname="testngattribute.DependsOnmethods" name="login" time="0.004"/>
  <system-out>
    <![CDATA[login]]>
  </system-out>
  <testcase classname="testngattribute.DependsOnmethods" name="openbrowser" time="0.034"/>
  <system-out>
    <![CDATA[openbrowser]]>
  </system-out>
  <testcase classname="testngattribute.DependsOnmethods" name="register" time="0.006"/>
  <system-out>
    <![CDATA[register]]>
  </system-out>
</testsuite> <!-- testngattribute.DependsOnmethods -->
