<?xml version="1.0" encoding="UTF-8"?>
<!-- Generated by org.testng.reporters.JUnitReportReporter -->
<testsuite hostname="DESKTOP-BQO7I60" failures="0" tests="2" name="testngtestscripts.AddAddress" time="26.467" errors="0" timestamp="2024-07-26T00:13:56 GMT-11:00" skipped="0">
  <testcase classname="testngtestscripts.AddAddress" name="addaddress" time="13.398"/>
  <system-out>
    <![CDATA[Add Address]]>
  </system-out>
  <testcase classname="testngtestscripts.AddAddress" name="addaddress" time="13.069"/>
  <system-out>
    <![CDATA[Add Address]]>
  </system-out>
</testsuite> <!-- testngtestscripts.AddAddress -->
