<?xml version="1.0" encoding="UTF-8"?>
<!-- Generated by org.testng.reporters.JUnitReportReporter -->
<testsuite hostname="DESKTOP-BQO7I60" failures="0" tests="1" name="testngtestscripts.DeleteAddress" time="5.146" errors="0" timestamp="2024-07-25T23:46:06 GMT-11:00" skipped="0">
  <testcase classname="testngtestscripts.DeleteAddress" name="deleteaddress" time="5.146"/>
  <system-out>
    <![CDATA[Delete Address]]>
  </system-out>
</testsuite> <!-- testngtestscripts.DeleteAddress -->
